<?xml version="1.0" encoding="UTF-8" ?>
<testsuite tests="6" failures="0" name="hv.todolist.business.test.manager.UserManagerTest" time="9.272" errors="0" skipped="0">
  <properties>
[...]
</properties>
  <testcase classname="hv.todolist.business.test.manager.UserManagerTest" name="GivenUserHasGoodPassword_WhenCheckUserPassWord_ThenReturnShouldBeNotNull" time="6.297"/>
  <testcase classname="hv.todolist.business.test.manager.UserManagerTest" name="GivenNewUserNotCorrect_WhenAddingNewUser_ThenShouldBeReturnUserWithId" time="0.319"/>
  <testcase classname="hv.todolist.business.test.manager.UserManagerTest" name="GivenUserHasWrongPassword_WhenCheckUserPassWord_ThenReturnShouldBeNull" time="1.111"/>
  <testcase classname="hv.todolist.business.test.manager.UserManagerTest" name="GivenUserNotExist_WhenIsExisting_ThenShouldBeReturnBeFalse" time="0.602"/>
  <testcase classname="hv.todolist.business.test.manager.UserManagerTest" name="GivenUserExist_WhenIsExisting_ThenReturnSouldBeTrue" time="0.542"/>
  <testcase classname="hv.todolist.business.test.manager.UserManagerTest" name="GivenNewUser_WhenAddingNewUser_ThenShouldBeReturnUserWithId" time="0.401"/>
</testsuite>