<?xml version="1.0" encoding="UTF-8" ?>
<testsuite tests="9" failures="0" name="hv.todolist.consumer.test.UsersDAOImplTest" time="8.018" errors="0" skipped="0">
  <properties>
[...]
</properties>
  <testcase classname="hv.todolist.consumer.test.UsersDAOImplTest" name="GiverUserWithGoodPassword_WhenCheckUserAuthentification" time="5.19"/>
  <testcase classname="hv.todolist.consumer.test.UsersDAOImplTest" name="GivenUserNotExists_WhenIsExistingUser_ThenShouldBeReturnFalse" time="0.357"/>
  <testcase classname="hv.todolist.consumer.test.UsersDAOImplTest" name="GivenUserExists_WhenIsExistingUser_ThenShouldBeReturnTrue" time="0.473"/>
  <testcase classname="hv.todolist.consumer.test.UsersDAOImplTest" name="GivenUser_WhenAddingUser_ThenUserIdShouldNotBeNull" time="0.266"/>
  <testcase classname="hv.todolist.consumer.test.UsersDAOImplTest" name="GiverUserWithBadPassword_WhenCheckUserAuthentification" time="0.368"/>
  <testcase classname="hv.todolist.consumer.test.UsersDAOImplTest" name="GivenUserNotExist_WhenDeletingUserWithLogin_ThenShouldBeReturn0" time="0.795"/>
  <testcase classname="hv.todolist.consumer.test.UsersDAOImplTest" name="GivenUserExist_WhenDeletingUserWithLogin_ThenShouldBeReturn1" time="0.428"/>
  <testcase classname="hv.todolist.consumer.test.UsersDAOImplTest" name="WhenListingUsers_ThenShouldListShouldBeNotEmpty" time="0.107"/>
  <testcase classname="hv.todolist.consumer.test.UsersDAOImplTest" name="GivenUserNotCorrect_WhenAddingUser_ThenUserIdShouldBeNull" time="0.034"/>
</testsuite>